  main.cpp
C:\Users\juand\Downloads\OGL_SUPERMARKET\OGL_SUPERMARKET\OGL_ENGINE\OGL_ENGINE\include\engine\shader_m.h(44,40): warning C4101: 'e': variable local sin referencia
C:\Users\juand\Downloads\OGL_SUPERMARKET\OGL_SUPERMARKET\OGL_ENGINE\OGL_ENGINE\include\engine\camera.h(76,1): warning C4305: 'argumento': truncamiento de 'double' a 'T'
          with
          [
              T=float
          ]
C:\Users\juand\Downloads\OGL_SUPERMARKET\OGL_SUPERMARKET\OGL_ENGINE\OGL_ENGINE\include\engine\Billboard.h(34,26): warning C4244: '*=': conversión de 'double' a 'T'; posible pérdida de datos
          with
          [
              T=float
          ]
C:\Users\juand\Downloads\OGL_SUPERMARKET\OGL_SUPERMARKET\OGL_ENGINE\OGL_ENGINE\include\engine\Billboard.h(35,26): warning C4244: '*=': conversión de 'double' a 'T'; posible pérdida de datos
          with
          [
              T=float
          ]
C:\Users\juand\Downloads\OGL_SUPERMARKET\OGL_SUPERMARKET\OGL_ENGINE\OGL_ENGINE\include\engine\Billboard.h(96,22): warning C4244: '=': conversión de 'int' a 'float'; posible pérdida de datos
C:\Users\juand\Downloads\OGL_SUPERMARKET\OGL_SUPERMARKET\OGL_ENGINE\OGL_ENGINE\include\engine\Billboard.h(97,23): warning C4244: '=': conversión de 'int' a 'float'; posible pérdida de datos
C:\Users\juand\Downloads\OGL_SUPERMARKET\OGL_SUPERMARKET\OGL_ENGINE\OGL_ENGINE\include\engine\Objectives.h(4,13): warning C4081: se esperaba 'newline'; se encontró ';'
C:\Users\juand\Downloads\OGL_SUPERMARKET\OGL_SUPERMARKET\OGL_ENGINE\OGL_ENGINE\include\engine\Plane.h(63,22): warning C4244: '=': conversión de 'int' a 'float'; posible pérdida de datos
C:\Users\juand\Downloads\OGL_SUPERMARKET\OGL_SUPERMARKET\OGL_ENGINE\OGL_ENGINE\include\engine\Plane.h(64,23): warning C4244: '=': conversión de 'int' a 'float'; posible pérdida de datos
C:\Users\juand\Downloads\OGL_SUPERMARKET\OGL_SUPERMARKET\OGL_ENGINE\OGL_ENGINE\include\engine\Plane.h(73,49): warning C4244: 'argumento': conversión de 'int' a 'float'; posible pérdida de datos
C:\Users\juand\Downloads\OGL_SUPERMARKET\OGL_SUPERMARKET\OGL_ENGINE\OGL_ENGINE\include\engine\Plane.h(73,36): warning C4244: 'argumento': conversión de 'int' a 'float'; posible pérdida de datos
C:\Users\juand\Downloads\OGL_SUPERMARKET\OGL_SUPERMARKET\OGL_ENGINE\OGL_ENGINE\include\engine\Plane.h(114,64): warning C4244: 'argumento': conversión de 'float' a 'GLsizei'; posible pérdida de datos
C:\Users\juand\Downloads\OGL_SUPERMARKET\OGL_SUPERMARKET\OGL_ENGINE\OGL_ENGINE\include\engine\Plane.h(114,52): warning C4244: 'argumento': conversión de 'float' a 'GLsizei'; posible pérdida de datos
C:\Users\juand\Downloads\OGL_SUPERMARKET\OGL_SUPERMARKET\OGL_ENGINE\OGL_ENGINE\include\engine\QuadTexture.h(61,22): warning C4244: '=': conversión de 'int' a 'float'; posible pérdida de datos
C:\Users\juand\Downloads\OGL_SUPERMARKET\OGL_SUPERMARKET\OGL_ENGINE\OGL_ENGINE\include\engine\QuadTexture.h(62,23): warning C4244: '=': conversión de 'int' a 'float'; posible pérdida de datos
C:\Users\juand\Downloads\OGL_SUPERMARKET\OGL_SUPERMARKET\OGL_ENGINE\OGL_ENGINE\include\engine\QuadTexture.h(71,49): warning C4244: 'argumento': conversión de 'int' a 'float'; posible pérdida de datos
C:\Users\juand\Downloads\OGL_SUPERMARKET\OGL_SUPERMARKET\OGL_ENGINE\OGL_ENGINE\include\engine\QuadTexture.h(71,36): warning C4244: 'argumento': conversión de 'int' a 'float'; posible pérdida de datos
C:\Users\juand\Downloads\OGL_SUPERMARKET\OGL_SUPERMARKET\OGL_ENGINE\OGL_ENGINE\include\engine\QuadTexture.h(112,64): warning C4244: 'argumento': conversión de 'float' a 'GLsizei'; posible pérdida de datos
C:\Users\juand\Downloads\OGL_SUPERMARKET\OGL_SUPERMARKET\OGL_ENGINE\OGL_ENGINE\include\engine\QuadTexture.h(112,52): warning C4244: 'argumento': conversión de 'float' a 'GLsizei'; posible pérdida de datos
C:\Users\juand\Downloads\OGL_SUPERMARKET\OGL_SUPERMARKET\OGL_ENGINE\OGL_ENGINE\include\engine\RigidModel.h(1,13): warning C4081: se esperaba 'newline'; se encontró ';'
C:\Users\juand\Downloads\OGL_SUPERMARKET\OGL_SUPERMARKET\OGL_ENGINE\OGL_ENGINE\include\engine\mesh.h(111,1): warning C4267: 'argumento': conversión de 'size_t' a 'GLsizei'; posible pérdida de datos
C:\Users\juand\Downloads\OGL_SUPERMARKET\OGL_SUPERMARKET\OGL_ENGINE\OGL_ENGINE\include\engine\Terrain.h(52,16): warning C4244: 'inicializando': conversión de 'double' a 'float'; posible pérdida de datos
C:\Users\juand\Downloads\OGL_SUPERMARKET\OGL_SUPERMARKET\OGL_ENGINE\OGL_ENGINE\include\engine\Terrain.h(192,1): warning C4267: 'argumento': conversión de 'size_t' a 'GLsizei'; posible pérdida de datos
C:\Users\juand\Downloads\OGL_SUPERMARKET\OGL_SUPERMARKET\OGL_ENGINE\OGL_ENGINE\include\engine\textrenderer.h(117,37): warning C4838: la conversión de 'FT_Pos' en 'unsigned int' requiere una conversión de restricción
C:\Users\juand\Downloads\OGL_SUPERMARKET\OGL_SUPERMARKET\OGL_ENGINE\OGL_ENGINE\include\engine\variables.h(152,22): warning C4305: 'inicializando': truncamiento de 'double' a 'float'
C:\Users\juand\Downloads\OGL_SUPERMARKET\OGL_SUPERMARKET\OGL_ENGINE\OGL_ENGINE\include\engine\functions.h(150,33): warning C4305: '+=': truncamiento de 'double' a 'float'
C:\Users\juand\Downloads\OGL_SUPERMARKET\OGL_SUPERMARKET\OGL_ENGINE\OGL_ENGINE\include\engine\functions.h(206,83): warning C4305: 'argumento': truncamiento de 'double' a 'rbReal'
C:\Users\juand\Downloads\OGL_SUPERMARKET\OGL_SUPERMARKET\OGL_ENGINE\OGL_ENGINE\include\engine\functions.h(207,74): warning C4305: 'argumento': truncamiento de 'double' a 'rbReal'
C:\Users\juand\Downloads\OGL_SUPERMARKET\OGL_SUPERMARKET\OGL_ENGINE\OGL_ENGINE\include\engine\functions.h(217,82): warning C4305: 'argumento': truncamiento de 'double' a 'rbReal'
C:\Users\juand\Downloads\OGL_SUPERMARKET\OGL_SUPERMARKET\OGL_ENGINE\OGL_ENGINE\include\engine\functions.h(218,73): warning C4305: 'argumento': truncamiento de 'double' a 'rbReal'
C:\Users\juand\Downloads\OGL_SUPERMARKET\OGL_SUPERMARKET\OGL_ENGINE\OGL_ENGINE\include\engine\functions.h(459,69): warning C4267: 'inicializando': conversión de 'size_t' a 'int'; posible pérdida de datos
C:\Users\juand\Downloads\OGL_SUPERMARKET\OGL_SUPERMARKET\OGL_ENGINE\OGL_ENGINE\include\engine\functions.h(507,46): warning C4244: '=': conversión de 'double' a 'T'; posible pérdida de datos
          with
          [
              T=float
          ]
C:\Users\juand\Downloads\OGL_SUPERMARKET\OGL_SUPERMARKET\OGL_ENGINE\OGL_ENGINE\include\engine\functions.h(520,46): warning C4244: '=': conversión de 'double' a 'T'; posible pérdida de datos
          with
          [
              T=float
          ]
C:\Users\juand\Downloads\OGL_SUPERMARKET\OGL_SUPERMARKET\OGL_ENGINE\OGL_ENGINE\include\engine\functions.h(533,46): warning C4244: '=': conversión de 'double' a 'T'; posible pérdida de datos
          with
          [
              T=float
          ]
C:\Users\juand\Downloads\OGL_SUPERMARKET\OGL_SUPERMARKET\OGL_ENGINE\OGL_ENGINE\include\engine\functions.h(624,17): warning C4244: '=': conversión de 'double' a 'float'; posible pérdida de datos
C:\Users\juand\Downloads\OGL_SUPERMARKET\OGL_SUPERMARKET\OGL_ENGINE\OGL_ENGINE\include\engine\functions.h(625,17): warning C4244: '=': conversión de 'double' a 'float'; posible pérdida de datos
C:\Users\juand\Downloads\OGL_SUPERMARKET\OGL_SUPERMARKET\OGL_ENGINE\OGL_ENGINE\include\engine\functions.h(629,19): warning C4244: 'inicializando': conversión de 'double' a 'float'; posible pérdida de datos
C:\Users\juand\Downloads\OGL_SUPERMARKET\OGL_SUPERMARKET\OGL_ENGINE\OGL_ENGINE\include\engine\functions.h(630,19): warning C4244: 'inicializando': conversión de 'double' a 'float'; posible pérdida de datos
C:\Users\juand\Downloads\OGL_SUPERMARKET\OGL_SUPERMARKET\OGL_ENGINE\OGL_ENGINE\include\engine\functions.h(632,13): warning C4244: '=': conversión de 'double' a 'float'; posible pérdida de datos
C:\Users\juand\Downloads\OGL_SUPERMARKET\OGL_SUPERMARKET\OGL_ENGINE\OGL_ENGINE\include\engine\functions.h(633,13): warning C4244: '=': conversión de 'double' a 'float'; posible pérdida de datos
C:\Users\juand\Downloads\OGL_SUPERMARKET\OGL_SUPERMARKET\OGL_ENGINE\OGL_ENGINE\include\engine\functions.h(655,21): warning C4244: '=': conversión de 'double' a 'float'; posible pérdida de datos
C:\Users\juand\Downloads\OGL_SUPERMARKET\OGL_SUPERMARKET\OGL_ENGINE\OGL_ENGINE\include\engine\functions.h(656,21): warning C4244: '=': conversión de 'double' a 'float'; posible pérdida de datos
C:\Users\juand\Downloads\OGL_SUPERMARKET\OGL_SUPERMARKET\OGL_ENGINE\OGL_ENGINE\include\engine\functions.h(660,23): warning C4244: 'inicializando': conversión de 'double' a 'float'; posible pérdida de datos
C:\Users\juand\Downloads\OGL_SUPERMARKET\OGL_SUPERMARKET\OGL_ENGINE\OGL_ENGINE\include\engine\functions.h(661,23): warning C4244: 'inicializando': conversión de 'double' a 'float'; posible pérdida de datos
C:\Users\juand\Downloads\OGL_SUPERMARKET\OGL_SUPERMARKET\OGL_ENGINE\OGL_ENGINE\include\engine\functions.h(663,17): warning C4244: '=': conversión de 'double' a 'float'; posible pérdida de datos
C:\Users\juand\Downloads\OGL_SUPERMARKET\OGL_SUPERMARKET\OGL_ENGINE\OGL_ENGINE\include\engine\functions.h(664,17): warning C4244: '=': conversión de 'double' a 'float'; posible pérdida de datos
C:\Users\juand\Downloads\OGL_SUPERMARKET\OGL_SUPERMARKET\OGL_ENGINE\OGL_ENGINE\include\engine\functions.h(681,31): warning C4244: 'argumento': conversión de 'double' a 'float'; posible pérdida de datos
C:\Users\juand\Downloads\OGL_SUPERMARKET\OGL_SUPERMARKET\OGL_ENGINE\OGL_ENGINE\main.cpp(68,28): warning C4244: 'inicializando': conversión de 'double' a 'float'; posible pérdida de datos
C:\Users\juand\Downloads\OGL_SUPERMARKET\OGL_SUPERMARKET\OGL_ENGINE\OGL_ENGINE\main.cpp(71,28): warning C4305: '+=': truncamiento de 'double' a 'float'
C:\Users\juand\Downloads\OGL_SUPERMARKET\OGL_SUPERMARKET\OGL_ENGINE\OGL_ENGINE\main.cpp(222,142): warning C4305: 'argumento': truncamiento de 'double' a 'float'
C:\Users\juand\Downloads\OGL_SUPERMARKET\OGL_SUPERMARKET\OGL_ENGINE\OGL_ENGINE\main.cpp(223,143): warning C4305: 'argumento': truncamiento de 'double' a 'float'
C:\Users\juand\Downloads\OGL_SUPERMARKET\OGL_SUPERMARKET\OGL_ENGINE\OGL_ENGINE\main.cpp(224,115): warning C4305: 'argumento': truncamiento de 'double' a 'float'
C:\Users\juand\Downloads\OGL_SUPERMARKET\OGL_SUPERMARKET\OGL_ENGINE\OGL_ENGINE\main.cpp(225,115): warning C4305: 'argumento': truncamiento de 'double' a 'float'
C:\Users\juand\Downloads\OGL_SUPERMARKET\OGL_SUPERMARKET\OGL_ENGINE\OGL_ENGINE\main.cpp(226,115): warning C4305: 'argumento': truncamiento de 'double' a 'float'
C:\Users\juand\Downloads\OGL_SUPERMARKET\OGL_SUPERMARKET\OGL_ENGINE\OGL_ENGINE\main.cpp(227,115): warning C4305: 'argumento': truncamiento de 'double' a 'float'
C:\Users\juand\Downloads\OGL_SUPERMARKET\OGL_SUPERMARKET\OGL_ENGINE\OGL_ENGINE\main.cpp(228,119): warning C4305: 'argumento': truncamiento de 'double' a 'float'
C:\Users\juand\Downloads\OGL_SUPERMARKET\OGL_SUPERMARKET\OGL_ENGINE\OGL_ENGINE\main.cpp(229,119): warning C4305: 'argumento': truncamiento de 'double' a 'float'
C:\Users\juand\Downloads\OGL_SUPERMARKET\OGL_SUPERMARKET\OGL_ENGINE\OGL_ENGINE\main.cpp(230,119): warning C4305: 'argumento': truncamiento de 'double' a 'float'
C:\Users\juand\Downloads\OGL_SUPERMARKET\OGL_SUPERMARKET\OGL_ENGINE\OGL_ENGINE\main.cpp(231,119): warning C4305: 'argumento': truncamiento de 'double' a 'float'
C:\Users\juand\Downloads\OGL_SUPERMARKET\OGL_SUPERMARKET\OGL_ENGINE\OGL_ENGINE\main.cpp(232,148): warning C4305: 'argumento': truncamiento de 'double' a 'float'
C:\Users\juand\Downloads\OGL_SUPERMARKET\OGL_SUPERMARKET\OGL_ENGINE\OGL_ENGINE\main.cpp(233,147): warning C4305: 'argumento': truncamiento de 'double' a 'float'
C:\Users\juand\Downloads\OGL_SUPERMARKET\OGL_SUPERMARKET\OGL_ENGINE\OGL_ENGINE\main.cpp(234,140): warning C4305: 'argumento': truncamiento de 'double' a 'float'
C:\Users\juand\Downloads\OGL_SUPERMARKET\OGL_SUPERMARKET\OGL_ENGINE\OGL_ENGINE\main.cpp(235,142): warning C4305: 'argumento': truncamiento de 'double' a 'float'
C:\Users\juand\Downloads\OGL_SUPERMARKET\OGL_SUPERMARKET\OGL_ENGINE\OGL_ENGINE\main.cpp(257,140): warning C4305: 'argumento': truncamiento de 'double' a 'float'
C:\Users\juand\Downloads\OGL_SUPERMARKET\OGL_SUPERMARKET\OGL_ENGINE\OGL_ENGINE\main.cpp(258,124): warning C4305: 'argumento': truncamiento de 'double' a 'float'
C:\Users\juand\Downloads\OGL_SUPERMARKET\OGL_SUPERMARKET\OGL_ENGINE\OGL_ENGINE\main.cpp(260,110): warning C4305: 'argumento': truncamiento de 'double' a 'float'
C:\Users\juand\Downloads\OGL_SUPERMARKET\OGL_SUPERMARKET\OGL_ENGINE\OGL_ENGINE\main.cpp(261,121): warning C4305: 'argumento': truncamiento de 'double' a 'float'
C:\Users\juand\Downloads\OGL_SUPERMARKET\OGL_SUPERMARKET\OGL_ENGINE\OGL_ENGINE\main.cpp(262,115): warning C4305: 'argumento': truncamiento de 'double' a 'float'
C:\Users\juand\Downloads\OGL_SUPERMARKET\OGL_SUPERMARKET\OGL_ENGINE\OGL_ENGINE\main.cpp(263,116): warning C4305: 'argumento': truncamiento de 'double' a 'float'
C:\Users\juand\Downloads\OGL_SUPERMARKET\OGL_SUPERMARKET\OGL_ENGINE\OGL_ENGINE\main.cpp(292,129): warning C4305: 'argumento': truncamiento de 'double' a 'T'
          with
          [
              T=float
          ]
C:\Users\juand\Downloads\OGL_SUPERMARKET\OGL_SUPERMARKET\OGL_ENGINE\OGL_ENGINE\main.cpp(293,127): warning C4305: 'argumento': truncamiento de 'double' a 'T'
          with
          [
              T=float
          ]
C:\Users\juand\Downloads\OGL_SUPERMARKET\OGL_SUPERMARKET\OGL_ENGINE\OGL_ENGINE\main.cpp(294,123): warning C4305: 'argumento': truncamiento de 'double' a 'T'
          with
          [
              T=float
          ]
C:\Users\juand\Downloads\OGL_SUPERMARKET\OGL_SUPERMARKET\OGL_ENGINE\OGL_ENGINE\main.cpp(295,127): warning C4305: 'argumento': truncamiento de 'double' a 'T'
          with
          [
              T=float
          ]
C:\Users\juand\Downloads\OGL_SUPERMARKET\OGL_SUPERMARKET\OGL_ENGINE\OGL_ENGINE\main.cpp(296,125): warning C4305: 'argumento': truncamiento de 'double' a 'T'
          with
          [
              T=float
          ]
C:\Users\juand\Downloads\OGL_SUPERMARKET\OGL_SUPERMARKET\OGL_ENGINE\OGL_ENGINE\main.cpp(297,132): warning C4305: 'argumento': truncamiento de 'double' a 'T'
          with
          [
              T=float
          ]
C:\Users\juand\Downloads\OGL_SUPERMARKET\OGL_SUPERMARKET\OGL_ENGINE\OGL_ENGINE\main.cpp(298,140): warning C4305: 'argumento': truncamiento de 'double' a 'T'
          with
          [
              T=float
          ]
C:\Users\juand\Downloads\OGL_SUPERMARKET\OGL_SUPERMARKET\OGL_ENGINE\OGL_ENGINE\main.cpp(299,136): warning C4305: 'argumento': truncamiento de 'double' a 'T'
          with
          [
              T=float
          ]
C:\Users\juand\Downloads\OGL_SUPERMARKET\OGL_SUPERMARKET\OGL_ENGINE\OGL_ENGINE\main.cpp(312,44): warning C4305: 'argumento': truncamiento de 'double' a 'rbReal'
C:\Users\juand\Downloads\OGL_SUPERMARKET\OGL_SUPERMARKET\OGL_ENGINE\OGL_ENGINE\main.cpp(317,39): warning C4305: 'argumento': truncamiento de 'double' a 'rbReal'
C:\Users\juand\Downloads\OGL_SUPERMARKET\OGL_SUPERMARKET\OGL_ENGINE\OGL_ENGINE\main.cpp(318,42): warning C4305: 'argumento': truncamiento de 'double' a 'rbReal'
C:\Users\juand\Downloads\OGL_SUPERMARKET\OGL_SUPERMARKET\OGL_ENGINE\OGL_ENGINE\main.cpp(439,33): warning C4305: 'argumento': truncamiento de 'double' a 'T'
          with
          [
              T=float
          ]
C:\Users\juand\Downloads\OGL_SUPERMARKET\OGL_SUPERMARKET\OGL_ENGINE\OGL_ENGINE\main.cpp(463,42): warning C4305: '-=': truncamiento de 'double' a 'float'
C:\Users\juand\Downloads\OGL_SUPERMARKET\OGL_SUPERMARKET\OGL_ENGINE\OGL_ENGINE\main.cpp(527,37): warning C4305: '+=': truncamiento de 'double' a 'T'
          with
          [
              T=float
          ]
C:\Users\juand\Downloads\OGL_SUPERMARKET\OGL_SUPERMARKET\OGL_ENGINE\OGL_ENGINE\main.cpp(529,38): warning C4305: '-=': truncamiento de 'double' a 'T'
          with
          [
              T=float
          ]
C:\Users\juand\Downloads\OGL_SUPERMARKET\OGL_SUPERMARKET\OGL_ENGINE\OGL_ENGINE\main.cpp(539,35): warning C4305: '-=': truncamiento de 'double' a 'float'
C:\Users\juand\Downloads\OGL_SUPERMARKET\OGL_SUPERMARKET\OGL_ENGINE\OGL_ENGINE\main.cpp(545,41): warning C4305: '-=': truncamiento de 'double' a 'T'
          with
          [
              T=float
          ]
C:\Users\juand\Downloads\OGL_SUPERMARKET\OGL_SUPERMARKET\OGL_ENGINE\OGL_ENGINE\main.cpp(547,42): warning C4305: '+=': truncamiento de 'double' a 'T'
          with
          [
              T=float
          ]
C:\Users\juand\Downloads\OGL_SUPERMARKET\OGL_SUPERMARKET\OGL_ENGINE\OGL_ENGINE\main.cpp(572,44): warning C4305: 'argumento': truncamiento de 'double' a 'float'
C:\Users\juand\Downloads\OGL_SUPERMARKET\OGL_SUPERMARKET\OGL_ENGINE\OGL_ENGINE\main.cpp(573,45): warning C4305: 'argumento': truncamiento de 'double' a 'float'
C:\Users\juand\Downloads\OGL_SUPERMARKET\OGL_SUPERMARKET\OGL_ENGINE\OGL_ENGINE\main.cpp(574,45): warning C4305: 'argumento': truncamiento de 'double' a 'float'
C:\Users\juand\Downloads\OGL_SUPERMARKET\OGL_SUPERMARKET\OGL_ENGINE\OGL_ENGINE\main.cpp(622,44): warning C4305: 'argumento': truncamiento de 'double' a 'float'
C:\Users\juand\Downloads\OGL_SUPERMARKET\OGL_SUPERMARKET\OGL_ENGINE\OGL_ENGINE\main.cpp(626,46): warning C4305: 'argumento': truncamiento de 'double' a 'float'
C:\Users\juand\Downloads\OGL_SUPERMARKET\OGL_SUPERMARKET\OGL_ENGINE\OGL_ENGINE\main.cpp(627,46): warning C4305: 'argumento': truncamiento de 'double' a 'float'
C:\Users\juand\Downloads\OGL_SUPERMARKET\OGL_SUPERMARKET\OGL_ENGINE\OGL_ENGINE\main.cpp(628,45): warning C4305: 'argumento': truncamiento de 'double' a 'float'
C:\Users\juand\Downloads\OGL_SUPERMARKET\OGL_SUPERMARKET\OGL_ENGINE\OGL_ENGINE\main.cpp(689,51): warning C4305: 'argumento': truncamiento de 'double' a 'float'
C:\Users\juand\Downloads\OGL_SUPERMARKET\OGL_SUPERMARKET\OGL_ENGINE\OGL_ENGINE\main.cpp(690,55): warning C4305: 'argumento': truncamiento de 'double' a 'float'
C:\Users\juand\Downloads\OGL_SUPERMARKET\OGL_SUPERMARKET\OGL_ENGINE\OGL_ENGINE\main.cpp(697,51): warning C4305: 'argumento': truncamiento de 'double' a 'float'
C:\Users\juand\Downloads\OGL_SUPERMARKET\OGL_SUPERMARKET\OGL_ENGINE\OGL_ENGINE\main.cpp(698,55): warning C4305: 'argumento': truncamiento de 'double' a 'float'
C:\Users\juand\Downloads\OGL_SUPERMARKET\OGL_SUPERMARKET\OGL_ENGINE\OGL_ENGINE\main.cpp(705,51): warning C4305: 'argumento': truncamiento de 'double' a 'float'
C:\Users\juand\Downloads\OGL_SUPERMARKET\OGL_SUPERMARKET\OGL_ENGINE\OGL_ENGINE\main.cpp(706,55): warning C4305: 'argumento': truncamiento de 'double' a 'float'
C:\Users\juand\Downloads\OGL_SUPERMARKET\OGL_SUPERMARKET\OGL_ENGINE\OGL_ENGINE\main.cpp(713,51): warning C4305: 'argumento': truncamiento de 'double' a 'float'
C:\Users\juand\Downloads\OGL_SUPERMARKET\OGL_SUPERMARKET\OGL_ENGINE\OGL_ENGINE\main.cpp(714,55): warning C4305: 'argumento': truncamiento de 'double' a 'float'
C:\Users\juand\Downloads\OGL_SUPERMARKET\OGL_SUPERMARKET\OGL_ENGINE\OGL_ENGINE\main.cpp(722,50): warning C4305: 'argumento': truncamiento de 'double' a 'float'
C:\Users\juand\Downloads\OGL_SUPERMARKET\OGL_SUPERMARKET\OGL_ENGINE\OGL_ENGINE\main.cpp(723,54): warning C4305: 'argumento': truncamiento de 'double' a 'float'
C:\Users\juand\Downloads\OGL_SUPERMARKET\OGL_SUPERMARKET\OGL_ENGINE\OGL_ENGINE\main.cpp(734,50): warning C4305: 'argumento': truncamiento de 'double' a 'float'
C:\Users\juand\Downloads\OGL_SUPERMARKET\OGL_SUPERMARKET\OGL_ENGINE\OGL_ENGINE\main.cpp(735,54): warning C4305: 'argumento': truncamiento de 'double' a 'float'
C:\Users\juand\Downloads\OGL_SUPERMARKET\OGL_SUPERMARKET\OGL_ENGINE\OGL_ENGINE\main.cpp(745,50): warning C4305: 'argumento': truncamiento de 'double' a 'float'
C:\Users\juand\Downloads\OGL_SUPERMARKET\OGL_SUPERMARKET\OGL_ENGINE\OGL_ENGINE\main.cpp(746,54): warning C4305: 'argumento': truncamiento de 'double' a 'float'
C:\Users\juand\Downloads\OGL_SUPERMARKET\OGL_SUPERMARKET\OGL_ENGINE\OGL_ENGINE\main.cpp(756,50): warning C4305: 'argumento': truncamiento de 'double' a 'float'
C:\Users\juand\Downloads\OGL_SUPERMARKET\OGL_SUPERMARKET\OGL_ENGINE\OGL_ENGINE\main.cpp(757,54): warning C4305: 'argumento': truncamiento de 'double' a 'float'
LINK : warning LNK4098: la biblioteca predeterminada'MSVCRT' entra en conflicto con otras bibliotecas; use la biblioteca /NODEFAULTLIB:biblioteca
  OGL_ENGINE.vcxproj -> C:\Users\juand\Downloads\OGL_SUPERMARKET\OGL_SUPERMARKET\OGL_ENGINE\x64\Debug\OGL_ENGINE.exe
